execve("./ME1A.exe", ["./ME1A.exe"], 0x7ffdcdc696b0 /* 22 vars */) = 0
brk(NULL)                               = 0x55b1efcda000
mmap(NULL, 8192, PROT_READ|PROT_WRITE, MAP_PRIVATE|MAP_ANONYMOUS, -1, 0) = 0x7f3d648a7000
access("/etc/ld.so.preload", R_OK)      = -1 ENOENT (No such file or directory)
openat(AT_FDCWD, "/etc/ld.so.cache", O_RDONLY|O_CLOEXEC) = 3
fstat(3, {st_mode=S_IFREG|0644, st_size=23351, ...}) = 0
mmap(NULL, 23351, PROT_READ, MAP_PRIVATE, 3, 0) = 0x7f3d648a1000
close(3)                                = 0
openat(AT_FDCWD, "/lib/x86_64-linux-gnu/libc.so.6", O_RDONLY|O_CLOEXEC) = 3
read(3, "\177ELF\2\1\1\3\0\0\0\0\0\0\0\0\3\0>\0\1\0\0\0\220\243\2\0\0\0\0\0"..., 832) = 832
pread64(3, "\6\0\0\0\4\0\0\0@\0\0\0\0\0\0\0@\0\0\0\0\0\0\0@\0\0\0\0\0\0\0"..., 784, 64) = 784
fstat(3, {st_mode=S_IFREG|0755, st_size=2125328, ...}) = 0
pread64(3, "\6\0\0\0\4\0\0\0@\0\0\0\0\0\0\0@\0\0\0\0\0\0\0@\0\0\0\0\0\0\0"..., 784, 64) = 784
mmap(NULL, 2170256, PROT_READ, MAP_PRIVATE|MAP_DENYWRITE, 3, 0) = 0x7f3d6468f000
mmap(0x7f3d646b7000, 1605632, PROT_READ|PROT_EXEC, MAP_PRIVATE|MAP_FIXED|MAP_DENYWRITE, 3, 0x28000) = 0x7f3d646b7000
mmap(0x7f3d6483f000, 323584, PROT_READ, MAP_PRIVATE|MAP_FIXED|MAP_DENYWRITE, 3, 0x1b0000) = 0x7f3d6483f000
mmap(0x7f3d6488e000, 24576, PROT_READ|PROT_WRITE, MAP_PRIVATE|MAP_FIXED|MAP_DENYWRITE, 3, 0x1fe000) = 0x7f3d6488e000
mmap(0x7f3d64894000, 52624, PROT_READ|PROT_WRITE, MAP_PRIVATE|MAP_FIXED|MAP_ANONYMOUS, -1, 0) = 0x7f3d64894000
close(3)                                = 0
mmap(NULL, 12288, PROT_READ|PROT_WRITE, MAP_PRIVATE|MAP_ANONYMOUS, -1, 0) = 0x7f3d6468c000
arch_prctl(ARCH_SET_FS, 0x7f3d6468c740) = 0
set_tid_address(0x7f3d6468ca10)         = 275
set_robust_list(0x7f3d6468ca20, 24)     = 0
rseq(0x7f3d6468d060, 0x20, 0, 0x53053053) = 0
mprotect(0x7f3d6488e000, 16384, PROT_READ) = 0
mprotect(0x55b1ee6b3000, 4096, PROT_READ) = 0
mprotect(0x7f3d648df000, 8192, PROT_READ) = 0
prlimit64(0, RLIMIT_STACK, NULL, {rlim_cur=8192*1024, rlim_max=RLIM64_INFINITY}) = 0
munmap(0x7f3d648a1000, 23351)           = 0
fstat(1, {st_mode=S_IFCHR|0620, st_rdev=makedev(0x88, 0), ...}) = 0
getrandom("\xa8\x4c\x6b\x6c\xff\xa8\x60\x61", 8, GRND_NONBLOCK) = 8
brk(NULL)                               = 0x55b1efcda000
brk(0x55b1efcfb000)                     = 0x55b1efcfb000
write(1, "\n", 1)                       = 1
fstat(0, {st_mode=S_IFCHR|0620, st_rdev=makedev(0x88, 0), ...}) = 0
write(1, "Enter the source file name (or '"..., 40) = 40
read(0, "srcA.txt\n", 1024)             = 9
openat(AT_FDCWD, "srcA.txt", O_RDONLY)  = 3
write(1, "Enter the destination file name "..., 45) = 45
read(0, "destA.txt\n", 1024)            = 10
openat(AT_FDCWD, "destA.txt", O_WRONLY|O_CREAT|O_TRUNC, 0644) = 4
read(3, "This message is from source file"..., 4096) = 35
write(4, "This message is from source file"..., 35) = 35
read(3, "", 4096)                       = 0
close(3)                                = 0
close(4)                                = 0
write(1, "File copied successfully.\n", 26) = 26
lseek(0, -1, SEEK_CUR)                  = -1 ESPIPE (Illegal seek)
exit_group(0)                           = ?
+++ exited with 0 +++
